0 info it worked if it ends with ok
1 verbose cli [ '/usr/local/bin/node', '/usr/local/bin/npm', 'run', 'e2e' ]
2 info using npm@3.10.10
3 info using node@v6.10.0
4 verbose run-script [ 'pree2e', 'e2e', 'poste2e' ]
5 info lifecycle postit@1.0.0~pree2e: postit@1.0.0
6 silly lifecycle postit@1.0.0~pree2e: no script for pree2e, continuing
7 info lifecycle postit@1.0.0~e2e: postit@1.0.0
8 verbose lifecycle postit@1.0.0~e2e: unsafe-perm in lifecycle true
9 verbose lifecycle postit@1.0.0~e2e: PATH: /usr/local/lib/node_modules/npm/bin/node-gyp-bin:/Users/chineduofor/Desktop/PostIt/postit/postit/node_modules/.bin:/usr/local/bin:/usr/bin:/bin:/usr/sbin:/sbin
10 verbose lifecycle postit@1.0.0~e2e: CWD: /Users/chineduofor/Desktop/PostIt/postit/postit
11 silly lifecycle postit@1.0.0~e2e: Args: [ '-c', 'nightwatch --config nightwatch.config.js' ]
12 silly lifecycle postit@1.0.0~e2e: Returned: code: 1  signal: null
13 info lifecycle postit@1.0.0~e2e: Failed to exec e2e script
14 verbose stack Error: postit@1.0.0 e2e: `nightwatch --config nightwatch.config.js`
14 verbose stack Exit status 1
14 verbose stack     at EventEmitter.<anonymous> (/usr/local/lib/node_modules/npm/lib/utils/lifecycle.js:255:16)
14 verbose stack     at emitTwo (events.js:106:13)
14 verbose stack     at EventEmitter.emit (events.js:191:7)
14 verbose stack     at ChildProcess.<anonymous> (/usr/local/lib/node_modules/npm/lib/utils/spawn.js:40:14)
14 verbose stack     at emitTwo (events.js:106:13)
14 verbose stack     at ChildProcess.emit (events.js:191:7)
14 verbose stack     at maybeClose (internal/child_process.js:877:16)
14 verbose stack     at Process.ChildProcess._handle.onexit (internal/child_process.js:226:5)
15 verbose pkgid postit@1.0.0
16 verbose cwd /Users/chineduofor/Desktop/PostIt/postit/postit
17 error Darwin 16.4.0
18 error argv "/usr/local/bin/node" "/usr/local/bin/npm" "run" "e2e"
19 error node v6.10.0
20 error npm  v3.10.10
21 error code ELIFECYCLE
22 error postit@1.0.0 e2e: `nightwatch --config nightwatch.config.js`
22 error Exit status 1
23 error Failed at the postit@1.0.0 e2e script 'nightwatch --config nightwatch.config.js'.
23 error Make sure you have the latest version of node.js and npm installed.
23 error If you do, this is most likely a problem with the postit package,
23 error not with npm itself.
23 error Tell the author that this fails on your system:
23 error     nightwatch --config nightwatch.config.js
23 error You can get information on how to open an issue for this project with:
23 error     npm bugs postit
23 error Or if that isn't available, you can get their info via:
23 error     npm owner ls postit
23 error There is likely additional logging output above.
24 verbose exit [ 1, true ]
